<?xml version="1.0" encoding="UTF-8"?>
<!-- Generated by org.testng.reporters.JUnitXMLReporter -->
<testsuite ignored="0" hostname="Serifes-MacBook-Air.local" failures="0" tests="2" name="Command line test" time="1.43" errors="0" timestamp="2021-12-15T22:07:22 EST">
  <testcase classname="net.comcast.tests.GoogleSearchTest" name="@BeforeMethod setUp" time="1.293">
    <failure type="java.lang.NoClassDefFoundError" message="org/openqa/selenium/internal/FindsById">
      <![CDATA[java.lang.NoClassDefFoundError: org/openqa/selenium/internal/FindsById
at java.base/java.lang.ClassLoader.defineClass1(Native Method)
at java.base/java.lang.ClassLoader.defineClass(ClassLoader.java:1016)
at java.base/java.security.SecureClassLoader.defineClass(SecureClassLoader.java:151)
at java.base/jdk.internal.loader.BuiltinClassLoader.defineClass(BuiltinClassLoader.java:821)
at java.base/jdk.internal.loader.BuiltinClassLoader.findClassOnClassPathOrNull(BuiltinClassLoader.java:719)
at java.base/jdk.internal.loader.BuiltinClassLoader.loadClassOrNull(BuiltinClassLoader.java:642)
at java.base/jdk.internal.loader.BuiltinClassLoader.loadClass(BuiltinClassLoader.java:600)
at java.base/jdk.internal.loader.ClassLoaders$AppClassLoader.loadClass(ClassLoaders.java:178)
at java.base/java.lang.ClassLoader.loadClass(ClassLoader.java:521)
at java.base/java.lang.ClassLoader.defineClass1(Native Method)
at java.base/java.lang.ClassLoader.defineClass(ClassLoader.java:1016)
at java.base/java.security.SecureClassLoader.defineClass(SecureClassLoader.java:151)
at java.base/jdk.internal.loader.BuiltinClassLoader.defineClass(BuiltinClassLoader.java:821)
at java.base/jdk.internal.loader.BuiltinClassLoader.findClassOnClassPathOrNull(BuiltinClassLoader.java:719)
at java.base/jdk.internal.loader.BuiltinClassLoader.loadClassOrNull(BuiltinClassLoader.java:642)
at java.base/jdk.internal.loader.BuiltinClassLoader.loadClass(BuiltinClassLoader.java:600)
at java.base/jdk.internal.loader.ClassLoaders$AppClassLoader.loadClass(ClassLoaders.java:178)
at java.base/java.lang.ClassLoader.loadClass(ClassLoader.java:521)
at net.comcast.tests.GoogleSearchTest.setUp(GoogleSearchTest.java:21)
at java.base/java.util.ArrayList.forEach(ArrayList.java:1507)
Caused by: java.lang.ClassNotFoundException: org.openqa.selenium.internal.FindsById
at java.base/jdk.internal.loader.BuiltinClassLoader.loadClass(BuiltinClassLoader.java:602)
at java.base/jdk.internal.loader.ClassLoaders$AppClassLoader.loadClass(ClassLoaders.java:178)
at java.base/java.lang.ClassLoader.loadClass(ClassLoader.java:521)
... 60 more
... Removed 40 stack frames]]>
    </failure>
  </testcase> <!-- @BeforeMethod setUp -->
  <testcase classname="net.comcast.tests.GoogleSearchTest" name="@AfterMethod tearDown" time="-1.639624042238E9">
    <skipped/>
  </testcase> <!-- @AfterMethod tearDown -->
  <testcase classname="net.comcast.tests.GoogleSearchTest" name="@BeforeMethod setUp" time="-1.639624042247E9">
    <skipped/>
  </testcase> <!-- @BeforeMethod setUp -->
  <testcase classname="net.comcast.tests.GoogleSearchTest" name="@AfterMethod tearDown" time="-1.639624042248E9">
    <skipped/>
  </testcase> <!-- @AfterMethod tearDown -->
  <testcase classname="net.comcast.tests.GoogleSearchTest" name="googleSearchPOMTest" time="0.0">
    <skipped/>
  </testcase> <!-- googleSearchPOMTest -->
  <testcase classname="net.comcast.tests.GoogleSearchTest" name="googleSearchTest" time="0.0">
    <skipped/>
  </testcase> <!-- googleSearchTest -->
</testsuite> <!-- Command line test -->
